[35m[1mConsolidate compiler generated dependencies of target listener_component[0m
[35m[1mConsolidate compiler generated dependencies of target talker_component[0m
[ 16%] [32mBuilding CXX object CMakeFiles/listener_component.dir/src/listener_component.cpp.o[0m
[ 33%] [32mBuilding CXX object CMakeFiles/talker_component.dir/src/talker_component.cpp.o[0m
[01m[K/home/gaeun/composition_assignment/src/talker_component.cpp:30:15:[m[K [01;35m[Kwarning: [m[K‘[01m[Kcomposition::fixed_key[m[K’ defined but not used [[01;35m[K]8;;https://gcc.gnu.org/onlinedocs/gcc/Warning-Options.html#index-Wunused-variable-Wunused-variable]8;;[m[K]
   30 |   static char [01;35m[Kfixed_key[m[K[32];
      |               [01;35m[K^~~~~~~~~[m[K
[ 50%] [32m[1mLinking CXX shared library libtalker_component.so[0m
[ 50%] Built target talker_component
[ 66%] [32m[1mLinking CXX shared library liblistener_component.so[0m
[ 66%] Built target listener_component
[ 83%] [32m[1mLinking CXX executable manual_composition[0m
[100%] Built target manual_composition
-- Install configuration: ""
-- Up-to-date: /home/gaeun/composition_assignment/install/composition/share/composition/environment/library_path.sh
-- Up-to-date: /home/gaeun/composition_assignment/install/composition/share/composition/environment/library_path.dsv
-- Installing: /home/gaeun/composition_assignment/install/composition/lib/libtalker_component.so
-- Set runtime path of "/home/gaeun/composition_assignment/install/composition/lib/libtalker_component.so" to ""
-- Installing: /home/gaeun/composition_assignment/install/composition/lib/liblistener_component.so
-- Set runtime path of "/home/gaeun/composition_assignment/install/composition/lib/liblistener_component.so" to ""
-- Installing: /home/gaeun/composition_assignment/install/composition/lib/composition/manual_composition
-- Set runtime path of "/home/gaeun/composition_assignment/install/composition/lib/composition/manual_composition" to ""
-- Up-to-date: /home/gaeun/composition_assignment/install/composition/share/composition/launch
-- Up-to-date: /home/gaeun/composition_assignment/install/composition/share/composition/launch/composition_demo.launch.py
-- Up-to-date: /home/gaeun/composition_assignment/install/composition/share/ament_index/resource_index/package_run_dependencies/composition
-- Up-to-date: /home/gaeun/composition_assignment/install/composition/share/ament_index/resource_index/parent_prefix_path/composition
-- Up-to-date: /home/gaeun/composition_assignment/install/composition/share/composition/environment/ament_prefix_path.sh
-- Up-to-date: /home/gaeun/composition_assignment/install/composition/share/composition/environment/ament_prefix_path.dsv
-- Up-to-date: /home/gaeun/composition_assignment/install/composition/share/composition/environment/path.sh
-- Up-to-date: /home/gaeun/composition_assignment/install/composition/share/composition/environment/path.dsv
-- Up-to-date: /home/gaeun/composition_assignment/install/composition/share/composition/local_setup.bash
-- Up-to-date: /home/gaeun/composition_assignment/install/composition/share/composition/local_setup.sh
-- Up-to-date: /home/gaeun/composition_assignment/install/composition/share/composition/local_setup.zsh
-- Up-to-date: /home/gaeun/composition_assignment/install/composition/share/composition/local_setup.dsv
-- Installing: /home/gaeun/composition_assignment/install/composition/share/composition/package.dsv
-- Up-to-date: /home/gaeun/composition_assignment/install/composition/share/ament_index/resource_index/packages/composition
-- Up-to-date: /home/gaeun/composition_assignment/install/composition/share/ament_index/resource_index/rclcpp_components/composition
-- Up-to-date: /home/gaeun/composition_assignment/install/composition/share/composition/cmake/compositionConfig.cmake
-- Up-to-date: /home/gaeun/composition_assignment/install/composition/share/composition/cmake/compositionConfig-version.cmake
-- Up-to-date: /home/gaeun/composition_assignment/install/composition/share/composition/package.xml
