-- The C compiler identification is GNU 11.4.0
-- The CXX compiler identification is GNU 11.4.0
-- Detecting C compiler ABI info
-- Detecting C compiler ABI info - done
-- Check for working C compiler: /usr/bin/cc - skipped
-- Detecting C compile features
-- Detecting C compile features - done
-- Detecting CXX compiler ABI info
-- Detecting CXX compiler ABI info - done
-- Check for working CXX compiler: /usr/bin/c++ - skipped
-- Detecting CXX compile features
-- Detecting CXX compile features - done
-- Found ament_cmake: 1.3.10 (/opt/ros/humble/share/ament_cmake/cmake)
-- Found Python3: /usr/bin/python3 (found version "3.10.12") found components: Interpreter 
-- Found example_interfaces: 0.9.3 (/opt/ros/humble/share/example_interfaces/cmake)
-- Found rosidl_generator_c: 3.1.5 (/opt/ros/humble/share/rosidl_generator_c/cmake)
-- Found rosidl_adapter: 3.1.5 (/opt/ros/humble/share/rosidl_adapter/cmake)
-- Found rosidl_generator_cpp: 3.1.5 (/opt/ros/humble/share/rosidl_generator_cpp/cmake)
-- Using all available rosidl_typesupport_c: rosidl_typesupport_fastrtps_c;rosidl_typesupport_introspection_c
-- Using all available rosidl_typesupport_cpp: rosidl_typesupport_fastrtps_cpp;rosidl_typesupport_introspection_cpp
-- Found rclcpp: 16.0.10 (/opt/ros/humble/share/rclcpp/cmake)
-- Found rmw_implementation_cmake: 6.1.2 (/opt/ros/humble/share/rmw_implementation_cmake/cmake)
-- Found rmw_fastrtps_cpp: 6.2.7 (/opt/ros/humble/share/rmw_fastrtps_cpp/cmake)
-- Found OpenSSL: /usr/lib/aarch64-linux-gnu/libcrypto.so (found version "3.0.2")  
-- Found FastRTPS: /opt/ros/humble/include  
-- Using RMW implementation 'rmw_fastrtps_cpp' as default
-- Looking for pthread.h
-- Looking for pthread.h - found
-- Performing Test CMAKE_HAVE_LIBC_PTHREAD
-- Performing Test CMAKE_HAVE_LIBC_PTHREAD - Success
-- Found Threads: TRUE  
-- Found rclcpp_components: 16.0.10 (/opt/ros/humble/share/rclcpp_components/cmake)
-- Found ament_lint_auto: 0.12.11 (/opt/ros/humble/share/ament_lint_auto/cmake)
-- Found python_cmake_module: 0.10.0 (/opt/ros/humble/share/python_cmake_module/cmake)
-- Found PythonInterp: /usr/bin/python3 (found suitable version "3.10.12", minimum required is "3.6") 
-- Found PythonLibs: /usr/lib/aarch64-linux-gnu/libpython3.10.so (found suitable version "3.10.12", minimum required is "3.5") 
-- Using PYTHON_EXECUTABLE: /usr/bin/python3
-- Using PYTHON_INCLUDE_DIRS: /usr/include/python3.10
-- Using PYTHON_LIBRARIES: /usr/lib/aarch64-linux-gnu/libpython3.10.so
-- Found PythonExtra: .so  
-- Added test 'copyright' to check source files copyright and LICENSE
-- Added test 'cppcheck' to perform static code analysis on C / C++ code
-- Configured cppcheck include dirs: /home/gaeun/composition_assignment/include
-- Configured cppcheck exclude dirs and/or files: 
-- Added test 'cpplint' to check C / C++ code against the Google style
-- Configured cpplint exclude dirs and/or files: 
-- Added test 'flake8' to check Python code syntax and style conventions
-- Added test 'lint_cmake' to check CMake code style
-- Added test 'pep257' to check Python code against some of the docstring style conventions in PEP 257
-- Added test 'uncrustify' to check C / C++ code style
-- Configured uncrustify additional arguments: 
-- Added test 'xmllint' to check XML markup files
-- Configuring done
-- Generating done
-- Build files have been written to: /home/gaeun/composition_assignment/build/composition
[ 16%] [32mBuilding CXX object CMakeFiles/talker_component.dir/src/talker_component.cpp.o[0m
[ 33%] [32mBuilding CXX object CMakeFiles/listener_component.dir/src/listener_component.cpp.o[0m
[01m[K/home/gaeun/composition_assignment/src/talker_component.cpp:[m[K In member function ‘[01m[Kvoid composition::Talker::on_timer()[m[K’:
[01m[K/home/gaeun/composition_assignment/src/talker_component.cpp:49:13:[m[K [01;35m[Kwarning: [m[Kunused variable ‘[01m[Kfixed_key_address[m[K’ [[01;35m[K]8;;https://gcc.gnu.org/onlinedocs/gcc/Warning-Options.html#index-Wunused-variable-Wunused-variable]8;;[m[K]
   49 |   uintptr_t [01;35m[Kfixed_key_address[m[K = 0x7ffff7d345c0;
      |             [01;35m[K^~~~~~~~~~~~~~~~~[m[K
[01m[K/home/gaeun/composition_assignment/src/talker_component.cpp:[m[K At global scope:
[01m[K/home/gaeun/composition_assignment/src/talker_component.cpp:30:15:[m[K [01;35m[Kwarning: [m[K‘[01m[Kcomposition::fixed_key[m[K’ defined but not used [[01;35m[K]8;;https://gcc.gnu.org/onlinedocs/gcc/Warning-Options.html#index-Wunused-variable-Wunused-variable]8;;[m[K]
   30 |   static char [01;35m[Kfixed_key[m[K[32];
      |               [01;35m[K^~~~~~~~~[m[K
[ 50%] [32m[1mLinking CXX shared library libtalker_component.so[0m
[ 50%] Built target talker_component
[ 66%] [32m[1mLinking CXX shared library liblistener_component.so[0m
[ 66%] Built target listener_component
[ 83%] [32mBuilding CXX object CMakeFiles/manual_composition.dir/src/manual_composition.cpp.o[0m
[100%] [32m[1mLinking CXX executable manual_composition[0m
[100%] Built target manual_composition
-- Install configuration: ""
-- Installing: /home/gaeun/composition_assignment/install/composition/share/composition/environment/library_path.sh
-- Installing: /home/gaeun/composition_assignment/install/composition/share/composition/environment/library_path.dsv
-- Installing: /home/gaeun/composition_assignment/install/composition/lib/libtalker_component.so
-- Set runtime path of "/home/gaeun/composition_assignment/install/composition/lib/libtalker_component.so" to ""
-- Installing: /home/gaeun/composition_assignment/install/composition/lib/liblistener_component.so
-- Set runtime path of "/home/gaeun/composition_assignment/install/composition/lib/liblistener_component.so" to ""
-- Installing: /home/gaeun/composition_assignment/install/composition/lib/composition/manual_composition
-- Set runtime path of "/home/gaeun/composition_assignment/install/composition/lib/composition/manual_composition" to ""
-- Installing: /home/gaeun/composition_assignment/install/composition/share/composition/launch
-- Installing: /home/gaeun/composition_assignment/install/composition/share/composition/launch/composition_demo.launch.py
-- Installing: /home/gaeun/composition_assignment/install/composition/share/ament_index/resource_index/package_run_dependencies/composition
-- Installing: /home/gaeun/composition_assignment/install/composition/share/ament_index/resource_index/parent_prefix_path/composition
-- Installing: /home/gaeun/composition_assignment/install/composition/share/composition/environment/ament_prefix_path.sh
-- Installing: /home/gaeun/composition_assignment/install/composition/share/composition/environment/ament_prefix_path.dsv
-- Installing: /home/gaeun/composition_assignment/install/composition/share/composition/environment/path.sh
-- Installing: /home/gaeun/composition_assignment/install/composition/share/composition/environment/path.dsv
-- Installing: /home/gaeun/composition_assignment/install/composition/share/composition/local_setup.bash
-- Installing: /home/gaeun/composition_assignment/install/composition/share/composition/local_setup.sh
-- Installing: /home/gaeun/composition_assignment/install/composition/share/composition/local_setup.zsh
-- Installing: /home/gaeun/composition_assignment/install/composition/share/composition/local_setup.dsv
-- Installing: /home/gaeun/composition_assignment/install/composition/share/composition/package.dsv
-- Installing: /home/gaeun/composition_assignment/install/composition/share/ament_index/resource_index/packages/composition
-- Installing: /home/gaeun/composition_assignment/install/composition/share/ament_index/resource_index/rclcpp_components/composition
-- Installing: /home/gaeun/composition_assignment/install/composition/share/composition/cmake/compositionConfig.cmake
-- Installing: /home/gaeun/composition_assignment/install/composition/share/composition/cmake/compositionConfig-version.cmake
-- Installing: /home/gaeun/composition_assignment/install/composition/share/composition/package.xml
