[0.044s] DEBUG:colcon:Command line arguments: ['/usr/bin/colcon', 'build', '--allow-overriding', 'composition']
[0.044s] DEBUG:colcon:Parsed command line arguments: Namespace(log_base=None, log_level=None, verb_name='build', build_base='build', install_base='install', merge_install=False, symlink_install=False, test_result_base=None, continue_on_error=False, executor='parallel', parallel_workers=4, event_handlers=None, ignore_user_meta=False, metas=['./colcon.meta'], base_paths=['.'], packages_ignore=None, packages_ignore_regex=None, paths=None, packages_up_to=None, packages_up_to_regex=None, packages_above=None, packages_above_and_dependencies=None, packages_above_depth=None, packages_select_by_dep=None, packages_skip_by_dep=None, packages_skip_up_to=None, packages_select_build_failed=False, packages_skip_build_finished=False, packages_select_test_failures=False, packages_skip_test_passed=False, packages_select=None, packages_skip=None, packages_select_regex=None, packages_skip_regex=None, packages_start=None, packages_end=None, allow_overriding=['composition'], cmake_args=None, cmake_target=None, cmake_target_skip_unavailable=False, cmake_clean_cache=False, cmake_clean_first=False, cmake_force_configure=False, ament_cmake_args=None, catkin_cmake_args=None, catkin_skip_building_tests=False, verb_parser=<colcon_defaults.argument_parser.defaults.DefaultArgumentsDecorator object at 0xfffff669ce50>, verb_extension=<colcon_core.verb.build.BuildVerb object at 0xfffff669ca00>, main=<bound method BuildVerb.main of <colcon_core.verb.build.BuildVerb object at 0xfffff669ca00>>)
[0.100s] Level 1:colcon.colcon_core.package_discovery:discover_packages(colcon_meta) check parameters
[0.100s] Level 1:colcon.colcon_core.package_discovery:discover_packages(recursive) check parameters
[0.100s] Level 1:colcon.colcon_core.package_discovery:discover_packages(ignore) check parameters
[0.100s] Level 1:colcon.colcon_core.package_discovery:discover_packages(path) check parameters
[0.100s] Level 1:colcon.colcon_core.package_discovery:discover_packages(colcon_meta) discover
[0.100s] Level 1:colcon.colcon_core.package_discovery:discover_packages(recursive) discover
[0.100s] INFO:colcon.colcon_core.package_discovery:Crawling recursively for packages in '/home/gaeun/composition_assignment'
[0.100s] Level 1:colcon.colcon_core.package_identification:_identify(.) by extensions ['ignore', 'ignore_ament_install']
[0.100s] Level 1:colcon.colcon_core.package_identification:_identify(.) by extension 'ignore'
[0.100s] Level 1:colcon.colcon_core.package_identification:_identify(.) by extension 'ignore_ament_install'
[0.100s] Level 1:colcon.colcon_core.package_identification:_identify(.) by extensions ['colcon_pkg']
[0.100s] Level 1:colcon.colcon_core.package_identification:_identify(.) by extension 'colcon_pkg'
[0.100s] Level 1:colcon.colcon_core.package_identification:_identify(.) by extensions ['colcon_meta']
[0.100s] Level 1:colcon.colcon_core.package_identification:_identify(.) by extension 'colcon_meta'
[0.100s] Level 1:colcon.colcon_core.package_identification:_identify(.) by extensions ['ros']
[0.100s] Level 1:colcon.colcon_core.package_identification:_identify(.) by extension 'ros'
[0.106s] DEBUG:colcon.colcon_core.package_identification:Package '.' with type 'ros.ament_cmake' and name 'composition'
[0.106s] Level 1:colcon.colcon_core.package_discovery:discover_packages(recursive) using defaults
[0.106s] Level 1:colcon.colcon_core.package_discovery:discover_packages(ignore) discover
[0.106s] Level 1:colcon.colcon_core.package_discovery:discover_packages(ignore) using defaults
[0.106s] Level 1:colcon.colcon_core.package_discovery:discover_packages(path) discover
[0.106s] Level 1:colcon.colcon_core.package_discovery:discover_packages(path) using defaults
[0.113s] Level 1:colcon.colcon_core.package_discovery:discover_packages(prefix_path) check parameters
[0.113s] Level 1:colcon.colcon_core.package_discovery:discover_packages(prefix_path) discover
[0.114s] DEBUG:colcon.colcon_installed_package_information.package_discovery:Found 1 installed packages in /home/gaeun/composition_assignment/install
[0.115s] DEBUG:colcon.colcon_installed_package_information.package_discovery:Found 22 installed packages in /home/gaeun/install
[0.115s] DEBUG:colcon.colcon_installed_package_information.package_discovery:Found 270 installed packages in /opt/ros/humble
[0.116s] Level 1:colcon.colcon_core.package_discovery:discover_packages(prefix_path) using defaults
[0.136s] Level 5:colcon.colcon_core.verb:set package 'composition' build argument 'cmake_args' from command line to 'None'
[0.136s] Level 5:colcon.colcon_core.verb:set package 'composition' build argument 'cmake_target' from command line to 'None'
[0.136s] Level 5:colcon.colcon_core.verb:set package 'composition' build argument 'cmake_target_skip_unavailable' from command line to 'False'
[0.136s] Level 5:colcon.colcon_core.verb:set package 'composition' build argument 'cmake_clean_cache' from command line to 'False'
[0.136s] Level 5:colcon.colcon_core.verb:set package 'composition' build argument 'cmake_clean_first' from command line to 'False'
[0.136s] Level 5:colcon.colcon_core.verb:set package 'composition' build argument 'cmake_force_configure' from command line to 'False'
[0.136s] Level 5:colcon.colcon_core.verb:set package 'composition' build argument 'ament_cmake_args' from command line to 'None'
[0.136s] Level 5:colcon.colcon_core.verb:set package 'composition' build argument 'catkin_cmake_args' from command line to 'None'
[0.136s] Level 5:colcon.colcon_core.verb:set package 'composition' build argument 'catkin_skip_building_tests' from command line to 'False'
[0.136s] DEBUG:colcon.colcon_core.verb:Building package 'composition' with the following arguments: {'ament_cmake_args': None, 'build_base': '/home/gaeun/composition_assignment/build/composition', 'catkin_cmake_args': None, 'catkin_skip_building_tests': False, 'cmake_args': None, 'cmake_clean_cache': False, 'cmake_clean_first': False, 'cmake_force_configure': False, 'cmake_target': None, 'cmake_target_skip_unavailable': False, 'install_base': '/home/gaeun/composition_assignment/install/composition', 'merge_install': False, 'path': '/home/gaeun/composition_assignment', 'symlink_install': False, 'test_result_base': None}
[0.136s] INFO:colcon.colcon_core.executor:Executing jobs using 'parallel' executor
[0.136s] DEBUG:colcon.colcon_parallel_executor.executor.parallel:run_until_complete
[0.136s] INFO:colcon.colcon_ros.task.ament_cmake.build:Building ROS package in '/home/gaeun/composition_assignment' with build type 'ament_cmake'
[0.136s] INFO:colcon.colcon_cmake.task.cmake.build:Building CMake package in '/home/gaeun/composition_assignment'
[0.137s] INFO:colcon.colcon_core.plugin_system:Skipping extension 'colcon_core.shell.bat': Not used on non-Windows systems
[0.137s] INFO:colcon.colcon_core.shell:Skip shell extension 'powershell' for command environment: Not usable outside of PowerShell
[0.137s] DEBUG:colcon.colcon_core.shell:Skip shell extension 'dsv' for command environment
[0.142s] DEBUG:colcon.colcon_core.event_handler.log_command:Invoking command in '/home/gaeun/composition_assignment/build/composition': CMAKE_PREFIX_PATH=${CMAKE_PREFIX_PATH}:/home/gaeun/install/launch_testing_examples:/home/gaeun/install/examples_rclpy_pointcloud_publisher:/home/gaeun/install/examples_rclpy_minimal_subscriber:/home/gaeun/install/examples_rclpy_minimal_service:/home/gaeun/install/examples_rclpy_minimal_publisher:/home/gaeun/install/examples_rclpy_minimal_client:/home/gaeun/install/examples_rclpy_minimal_action_server:/home/gaeun/install/examples_rclpy_minimal_action_client:/home/gaeun/install/examples_rclpy_guard_conditions:/home/gaeun/install/examples_rclpy_executors:/opt/ros/humble /usr/bin/cmake --build /home/gaeun/composition_assignment/build/composition -- -j4 -l4
[1.250s] DEBUG:colcon.colcon_core.event_handler.log_command:Invoked command in '/home/gaeun/composition_assignment/build/composition' returned '2': CMAKE_PREFIX_PATH=${CMAKE_PREFIX_PATH}:/home/gaeun/install/launch_testing_examples:/home/gaeun/install/examples_rclpy_pointcloud_publisher:/home/gaeun/install/examples_rclpy_minimal_subscriber:/home/gaeun/install/examples_rclpy_minimal_service:/home/gaeun/install/examples_rclpy_minimal_publisher:/home/gaeun/install/examples_rclpy_minimal_client:/home/gaeun/install/examples_rclpy_minimal_action_server:/home/gaeun/install/examples_rclpy_minimal_action_client:/home/gaeun/install/examples_rclpy_guard_conditions:/home/gaeun/install/examples_rclpy_executors:/opt/ros/humble /usr/bin/cmake --build /home/gaeun/composition_assignment/build/composition -- -j4 -l4
[1.261s] Level 1:colcon.colcon_core.environment:create_environment_scripts_only(composition)
[1.262s] Level 1:colcon.colcon_core.environment:checking '/home/gaeun/composition_assignment/install/composition' for CMake module files
[1.262s] Level 1:colcon.colcon_core.environment:checking '/home/gaeun/composition_assignment/install/composition' for CMake config files
[1.262s] Level 1:colcon.colcon_core.shell:create_environment_hook('composition', 'cmake_prefix_path')
[1.262s] INFO:colcon.colcon_core.shell:Creating environment hook '/home/gaeun/composition_assignment/install/composition/share/composition/hook/cmake_prefix_path.ps1'
[1.262s] INFO:colcon.colcon_core.shell:Creating environment descriptor '/home/gaeun/composition_assignment/install/composition/share/composition/hook/cmake_prefix_path.dsv'
[1.263s] INFO:colcon.colcon_core.shell:Creating environment hook '/home/gaeun/composition_assignment/install/composition/share/composition/hook/cmake_prefix_path.sh'
[1.263s] Level 1:colcon.colcon_core.environment:checking '/home/gaeun/composition_assignment/install/composition/lib'
[1.263s] Level 1:colcon.colcon_core.shell:create_environment_hook('composition', 'ld_library_path_lib')
[1.263s] INFO:colcon.colcon_core.shell:Creating environment hook '/home/gaeun/composition_assignment/install/composition/share/composition/hook/ld_library_path_lib.ps1'
[1.263s] INFO:colcon.colcon_core.shell:Creating environment descriptor '/home/gaeun/composition_assignment/install/composition/share/composition/hook/ld_library_path_lib.dsv'
[1.263s] INFO:colcon.colcon_core.shell:Creating environment hook '/home/gaeun/composition_assignment/install/composition/share/composition/hook/ld_library_path_lib.sh'
[1.264s] Level 1:colcon.colcon_core.environment:checking '/home/gaeun/composition_assignment/install/composition/bin'
[1.264s] Level 1:colcon.colcon_core.environment:checking '/home/gaeun/composition_assignment/install/composition/lib/pkgconfig/composition.pc'
[1.264s] Level 1:colcon.colcon_core.environment:checking '/home/gaeun/composition_assignment/install/composition/lib/python3.10/site-packages'
[1.264s] Level 1:colcon.colcon_core.environment:checking '/home/gaeun/composition_assignment/install/composition/bin'
[1.264s] INFO:colcon.colcon_core.shell:Creating package script '/home/gaeun/composition_assignment/install/composition/share/composition/package.ps1'
[1.264s] INFO:colcon.colcon_core.shell:Creating package descriptor '/home/gaeun/composition_assignment/install/composition/share/composition/package.dsv'
[1.265s] INFO:colcon.colcon_core.shell:Creating package script '/home/gaeun/composition_assignment/install/composition/share/composition/package.sh'
[1.265s] INFO:colcon.colcon_core.shell:Creating package script '/home/gaeun/composition_assignment/install/composition/share/composition/package.bash'
[1.265s] INFO:colcon.colcon_core.shell:Creating package script '/home/gaeun/composition_assignment/install/composition/share/composition/package.zsh'
[1.265s] Level 1:colcon.colcon_core.environment:create_file_with_runtime_dependencies(/home/gaeun/composition_assignment/install/composition/share/colcon-core/packages/composition)
[1.276s] DEBUG:colcon.colcon_parallel_executor.executor.parallel:closing loop
[1.276s] DEBUG:colcon.colcon_parallel_executor.executor.parallel:loop closed
[1.276s] DEBUG:colcon.colcon_parallel_executor.executor.parallel:run_until_complete finished with '2'
[1.276s] DEBUG:colcon.colcon_core.event_reactor:joining thread
[1.280s] INFO:colcon.colcon_core.plugin_system:Skipping extension 'colcon_notification.desktop_notification.notify_send': Could not find 'notify-send'
[1.280s] INFO:colcon.colcon_core.plugin_system:Skipping extension 'colcon_notification.desktop_notification.terminal_notifier': Not used on non-Darwin systems
[1.280s] INFO:colcon.colcon_core.plugin_system:Skipping extension 'colcon_notification.desktop_notification.win32': Not used on non-Windows systems
[1.280s] INFO:colcon.colcon_notification.desktop_notification:Sending desktop notification using 'notify2'
[1.281s] DEBUG:colcon.colcon_notification.desktop_notification.notify2:Failed to initialize notify2: org.freedesktop.DBus.Error.ServiceUnknown: The name org.freedesktop.Notifications was not provided by any .service files
[1.281s] DEBUG:colcon.colcon_core.event_reactor:joined thread
[1.281s] INFO:colcon.colcon_core.shell:Creating prefix script '/home/gaeun/composition_assignment/install/local_setup.ps1'
[1.281s] INFO:colcon.colcon_core.shell:Creating prefix util module '/home/gaeun/composition_assignment/install/_local_setup_util_ps1.py'
[1.282s] INFO:colcon.colcon_core.shell:Creating prefix chain script '/home/gaeun/composition_assignment/install/setup.ps1'
[1.283s] INFO:colcon.colcon_core.shell:Creating prefix script '/home/gaeun/composition_assignment/install/local_setup.sh'
[1.284s] INFO:colcon.colcon_core.shell:Creating prefix util module '/home/gaeun/composition_assignment/install/_local_setup_util_sh.py'
[1.284s] INFO:colcon.colcon_core.shell:Creating prefix chain script '/home/gaeun/composition_assignment/install/setup.sh'
[1.285s] INFO:colcon.colcon_core.shell:Creating prefix script '/home/gaeun/composition_assignment/install/local_setup.bash'
[1.285s] INFO:colcon.colcon_core.shell:Creating prefix chain script '/home/gaeun/composition_assignment/install/setup.bash'
[1.286s] INFO:colcon.colcon_core.shell:Creating prefix script '/home/gaeun/composition_assignment/install/local_setup.zsh'
[1.286s] INFO:colcon.colcon_core.shell:Creating prefix chain script '/home/gaeun/composition_assignment/install/setup.zsh'
