[ 66%] Built target listener_component
[ 66%] Built target talker_component
[100%] Built target manual_composition
-- Install configuration: ""
-- Up-to-date: /home/gaeun/composition_assignment/install/composition/share/composition/environment/library_path.sh
-- Up-to-date: /home/gaeun/composition_assignment/install/composition/share/composition/environment/library_path.dsv
-- Up-to-date: /home/gaeun/composition_assignment/install/composition/lib/libtalker_component.so
-- Up-to-date: /home/gaeun/composition_assignment/install/composition/lib/liblistener_component.so
-- Up-to-date: /home/gaeun/composition_assignment/install/composition/lib/composition/manual_composition
-- Up-to-date: /home/gaeun/composition_assignment/install/composition/share/composition/launch
-- Up-to-date: /home/gaeun/composition_assignment/install/composition/share/composition/launch/composition_demo.launch.py
-- Up-to-date: /home/gaeun/composition_assignment/install/composition/share/ament_index/resource_index/package_run_dependencies/composition
-- Up-to-date: /home/gaeun/composition_assignment/install/composition/share/ament_index/resource_index/parent_prefix_path/composition
-- Up-to-date: /home/gaeun/composition_assignment/install/composition/share/composition/environment/ament_prefix_path.sh
-- Up-to-date: /home/gaeun/composition_assignment/install/composition/share/composition/environment/ament_prefix_path.dsv
-- Up-to-date: /home/gaeun/composition_assignment/install/composition/share/composition/environment/path.sh
-- Up-to-date: /home/gaeun/composition_assignment/install/composition/share/composition/environment/path.dsv
-- Up-to-date: /home/gaeun/composition_assignment/install/composition/share/composition/local_setup.bash
-- Up-to-date: /home/gaeun/composition_assignment/install/composition/share/composition/local_setup.sh
-- Up-to-date: /home/gaeun/composition_assignment/install/composition/share/composition/local_setup.zsh
-- Up-to-date: /home/gaeun/composition_assignment/install/composition/share/composition/local_setup.dsv
-- Installing: /home/gaeun/composition_assignment/install/composition/share/composition/package.dsv
-- Up-to-date: /home/gaeun/composition_assignment/install/composition/share/ament_index/resource_index/packages/composition
-- Up-to-date: /home/gaeun/composition_assignment/install/composition/share/ament_index/resource_index/rclcpp_components/composition
-- Up-to-date: /home/gaeun/composition_assignment/install/composition/share/composition/cmake/compositionConfig.cmake
-- Up-to-date: /home/gaeun/composition_assignment/install/composition/share/composition/cmake/compositionConfig-version.cmake
-- Up-to-date: /home/gaeun/composition_assignment/install/composition/share/composition/package.xml
