[0.005s] Invoking command in '/home/gaeun/composition_assignment/build/composition': CMAKE_PREFIX_PATH=${CMAKE_PREFIX_PATH}:/home/gaeun/install/launch_testing_examples:/home/gaeun/install/examples_rclpy_pointcloud_publisher:/home/gaeun/install/examples_rclpy_minimal_subscriber:/home/gaeun/install/examples_rclpy_minimal_service:/home/gaeun/install/examples_rclpy_minimal_publisher:/home/gaeun/install/examples_rclpy_minimal_client:/home/gaeun/install/examples_rclpy_minimal_action_server:/home/gaeun/install/examples_rclpy_minimal_action_client:/home/gaeun/install/examples_rclpy_guard_conditions:/home/gaeun/install/examples_rclpy_executors:/opt/ros/humble /usr/bin/cmake --build /home/gaeun/composition_assignment/build/composition -- -j4 -l4
[0.025s] [ 66%] Built target listener_component
[0.025s] [ 66%] Built target talker_component
[0.035s] [100%] Built target manual_composition
[0.040s] Invoked command in '/home/gaeun/composition_assignment/build/composition' returned '0': CMAKE_PREFIX_PATH=${CMAKE_PREFIX_PATH}:/home/gaeun/install/launch_testing_examples:/home/gaeun/install/examples_rclpy_pointcloud_publisher:/home/gaeun/install/examples_rclpy_minimal_subscriber:/home/gaeun/install/examples_rclpy_minimal_service:/home/gaeun/install/examples_rclpy_minimal_publisher:/home/gaeun/install/examples_rclpy_minimal_client:/home/gaeun/install/examples_rclpy_minimal_action_server:/home/gaeun/install/examples_rclpy_minimal_action_client:/home/gaeun/install/examples_rclpy_guard_conditions:/home/gaeun/install/examples_rclpy_executors:/opt/ros/humble /usr/bin/cmake --build /home/gaeun/composition_assignment/build/composition -- -j4 -l4
[0.055s] Invoking command in '/home/gaeun/composition_assignment/build/composition': CMAKE_PREFIX_PATH=${CMAKE_PREFIX_PATH}:/home/gaeun/install/launch_testing_examples:/home/gaeun/install/examples_rclpy_pointcloud_publisher:/home/gaeun/install/examples_rclpy_minimal_subscriber:/home/gaeun/install/examples_rclpy_minimal_service:/home/gaeun/install/examples_rclpy_minimal_publisher:/home/gaeun/install/examples_rclpy_minimal_client:/home/gaeun/install/examples_rclpy_minimal_action_server:/home/gaeun/install/examples_rclpy_minimal_action_client:/home/gaeun/install/examples_rclpy_guard_conditions:/home/gaeun/install/examples_rclpy_executors:/opt/ros/humble /usr/bin/cmake --install /home/gaeun/composition_assignment/build/composition
[0.057s] -- Install configuration: ""
[0.057s] -- Up-to-date: /home/gaeun/composition_assignment/install/composition/share/composition/environment/library_path.sh
[0.057s] -- Up-to-date: /home/gaeun/composition_assignment/install/composition/share/composition/environment/library_path.dsv
[0.057s] -- Up-to-date: /home/gaeun/composition_assignment/install/composition/lib/libtalker_component.so
[0.057s] -- Up-to-date: /home/gaeun/composition_assignment/install/composition/lib/liblistener_component.so
[0.057s] -- Up-to-date: /home/gaeun/composition_assignment/install/composition/lib/composition/manual_composition
[0.057s] -- Up-to-date: /home/gaeun/composition_assignment/install/composition/share/composition/launch
[0.057s] -- Up-to-date: /home/gaeun/composition_assignment/install/composition/share/composition/launch/composition_demo.launch.py
[0.057s] -- Up-to-date: /home/gaeun/composition_assignment/install/composition/share/ament_index/resource_index/package_run_dependencies/composition
[0.057s] -- Up-to-date: /home/gaeun/composition_assignment/install/composition/share/ament_index/resource_index/parent_prefix_path/composition
[0.057s] -- Up-to-date: /home/gaeun/composition_assignment/install/composition/share/composition/environment/ament_prefix_path.sh
[0.057s] -- Up-to-date: /home/gaeun/composition_assignment/install/composition/share/composition/environment/ament_prefix_path.dsv
[0.057s] -- Up-to-date: /home/gaeun/composition_assignment/install/composition/share/composition/environment/path.sh
[0.058s] -- Up-to-date: /home/gaeun/composition_assignment/install/composition/share/composition/environment/path.dsv
[0.058s] -- Up-to-date: /home/gaeun/composition_assignment/install/composition/share/composition/local_setup.bash
[0.058s] -- Up-to-date: /home/gaeun/composition_assignment/install/composition/share/composition/local_setup.sh
[0.058s] -- Up-to-date: /home/gaeun/composition_assignment/install/composition/share/composition/local_setup.zsh
[0.058s] -- Up-to-date: /home/gaeun/composition_assignment/install/composition/share/composition/local_setup.dsv
[0.058s] -- Installing: /home/gaeun/composition_assignment/install/composition/share/composition/package.dsv
[0.058s] -- Up-to-date: /home/gaeun/composition_assignment/install/composition/share/ament_index/resource_index/packages/composition
[0.058s] -- Up-to-date: /home/gaeun/composition_assignment/install/composition/share/ament_index/resource_index/rclcpp_components/composition
[0.058s] -- Up-to-date: /home/gaeun/composition_assignment/install/composition/share/composition/cmake/compositionConfig.cmake
[0.058s] -- Up-to-date: /home/gaeun/composition_assignment/install/composition/share/composition/cmake/compositionConfig-version.cmake
[0.058s] -- Up-to-date: /home/gaeun/composition_assignment/install/composition/share/composition/package.xml
[0.059s] Invoked command in '/home/gaeun/composition_assignment/build/composition' returned '0': CMAKE_PREFIX_PATH=${CMAKE_PREFIX_PATH}:/home/gaeun/install/launch_testing_examples:/home/gaeun/install/examples_rclpy_pointcloud_publisher:/home/gaeun/install/examples_rclpy_minimal_subscriber:/home/gaeun/install/examples_rclpy_minimal_service:/home/gaeun/install/examples_rclpy_minimal_publisher:/home/gaeun/install/examples_rclpy_minimal_client:/home/gaeun/install/examples_rclpy_minimal_action_server:/home/gaeun/install/examples_rclpy_minimal_action_client:/home/gaeun/install/examples_rclpy_guard_conditions:/home/gaeun/install/examples_rclpy_executors:/opt/ros/humble /usr/bin/cmake --install /home/gaeun/composition_assignment/build/composition
